<?xml version="1.0" encoding="UTF-8"?>
<testsuite name="ParkingLotTest" tests="7" skipped="0" failures="0" errors="0" timestamp="2019-10-28T06:15:29" hostname="CNbinhan.bai" time="0.015">
  <properties/>
  <testcase name="shouldParkFailed_whenParkOneCar_givenUnavailableParkingLot()" classname="ParkingLotTest" time="0.006"/>
  <testcase name="shouldGetOneTicket_whenParkOneCar_givenParkingLotHavingOnePlaceAvailable()" classname="ParkingLotTest" time="0.001"/>
  <testcase name="shouldPickCarFailed_whenPickCarWithInvalidTicket_givenParkingLotParkingTheCar()" classname="ParkingLotTest" time="0.002"/>
  <testcase name="shouldParkFirstCarSuccessAndSecondFailed_whenParkTwoCars_givenOnePlaceAvailableParkingLot()" classname="ParkingLotTest" time="0.001"/>
  <testcase name="shouldPickCar_whenPickCarWithTicket_givenParkingLotParkingTheCar()" classname="ParkingLotTest" time="0.001"/>
  <testcase name="shouldGetTicketOfBCar_whenParkBCarAfterPickACar_givenFullParkingLotParkingACar()" classname="ParkingLotTest" time="0.0"/>
  <testcase name="shouldPickCarFailed_whenPickCarWithTicket_givenParkingLotNotParkingTheCar()" classname="ParkingLotTest" time="0.001"/>
  <system-out><![CDATA[]]></system-out>
  <system-err><![CDATA[]]></system-err>
</testsuite>
