<?xml version="1.0" encoding="UTF-8"?>
<testsuite name="ParkingBoyTest" tests="4" skipped="0" failures="0" errors="0" timestamp="2019-10-29T05:31:18" hostname="CNbinhan.bai" time="0.014">
  <properties/>
  <testcase name="shouldParkCarOrdered_whenParkingCar_givenMoreThanOneNotEmptyParkingLot()" classname="ParkingBoyTest" time="0.009"/>
  <testcase name="shouldParkFailed_whenParkCar_givenParkingBoyWithAllFullParkingLots()" classname="ParkingBoyTest" time="0.001"/>
  <testcase name="shouldParkCarOrdered_whenParkCar_givenMoreThanOneEmptyParkingLots()" classname="ParkingBoyTest" time="0.001"/>
  <testcase name="shouldGetTheCar_whenPickCarByParkingBoy_givenParkingBoyParedTheCar()" classname="ParkingBoyTest" time="0.001"/>
  <system-out><![CDATA[]]></system-out>
  <system-err><![CDATA[]]></system-err>
</testsuite>
