<?xml version="1.0" encoding="UTF-8"?>
<testsuite name="LengthTest" tests="1" skipped="0" failures="0" errors="0" timestamp="2019-10-22T10:17:45" hostname="CNbinhan.bai" time="0.001">
  <properties/>
  <testcase name="shouldThrowRuntimeException_whenCompare_givenTwoLengthWithSameValueAndDifferentUnit" classname="LengthTest" time="0.001"/>
  <system-out><![CDATA[]]></system-out>
  <system-err><![CDATA[]]></system-err>
</testsuite>
