<?xml version="1.0" encoding="UTF-8"?>
<testsuite name="SmartParkingBoyTest" tests="1" skipped="0" failures="0" errors="0" timestamp="2019-10-29T05:08:45" hostname="CNbinhan.bai" time="0.008">
  <properties/>
  <testcase name="shouldGetTicketOfTheCar_whenParkOneCar_givenSmartParkingBoyWithTwoParkingLots()" classname="SmartParkingBoyTest" time="0.008"/>
  <system-out><![CDATA[]]></system-out>
  <system-err><![CDATA[]]></system-err>
</testsuite>
