<?xml version="1.0" encoding="UTF-8"?>
<testsuite name="SmartParkingBoyTest" tests="1" skipped="0" failures="0" errors="0" timestamp="2019-10-29T06:12:49" hostname="CNbinhan.bai" time="0.009">
  <properties/>
  <testcase name="shouldGetCar_whenPickCarWithValidTicket_givenParkingBoyHasParkedTheCar()" classname="SmartParkingBoyTest" time="0.009"/>
  <system-out><![CDATA[]]></system-out>
  <system-err><![CDATA[]]></system-err>
</testsuite>
